{"/home/madruga665/GitHub/mc-lojinha-com-redux/src/App.js": {"path":"/home/madruga665/GitHub/mc-lojinha-com-redux/src/App.js","statementMap":{"0":{"start":{"line":7,"column":4},"end":{"line":12,"column":6}}},"fnMap":{"0":{"name":"(anonymous_0)","decl":{"start":{"line":6,"column":2},"end":{"line":6,"column":3}},"loc":{"start":{"line":6,"column":11},"end":{"line":13,"column":3}},"line":6}},"branchMap":{},"s":{"0":1},"f":{"0":1},"b":{},"_coverageSchema":"1a1c01bbd47fc00a2c39e90264f33305004495a9","hash":"ccc6bbe00f2a1203c2e9f1745551f71009033937"}
,"/home/madruga665/GitHub/mc-lojinha-com-redux/src/index.js": {"path":"/home/madruga665/GitHub/mc-lojinha-com-redux/src/index.js","statementMap":{"0":{"start":{"line":7,"column":0},"end":{"line":14,"column":2}}},"fnMap":{},"branchMap":{},"s":{"0":0},"f":{},"b":{}}
,"/home/madruga665/GitHub/mc-lojinha-com-redux/src/components/Footer.jsx": {"path":"/home/madruga665/GitHub/mc-lojinha-com-redux/src/components/Footer.jsx","statementMap":{"0":{"start":{"line":6,"column":4},"end":{"line":10,"column":6}}},"fnMap":{"0":{"name":"(anonymous_0)","decl":{"start":{"line":5,"column":2},"end":{"line":5,"column":3}},"loc":{"start":{"line":5,"column":11},"end":{"line":11,"column":3}},"line":5}},"branchMap":{},"s":{"0":1},"f":{"0":1},"b":{},"_coverageSchema":"1a1c01bbd47fc00a2c39e90264f33305004495a9","hash":"47f8195a6da9dd1995c0bf9a7ea05fa0e8e4e1ce"}
,"/home/madruga665/GitHub/mc-lojinha-com-redux/src/components/Header.jsx": {"path":"/home/madruga665/GitHub/mc-lojinha-com-redux/src/components/Header.jsx","statementMap":{"0":{"start":{"line":7,"column":4},"end":{"line":12,"column":6}}},"fnMap":{"0":{"name":"(anonymous_0)","decl":{"start":{"line":6,"column":2},"end":{"line":6,"column":3}},"loc":{"start":{"line":6,"column":11},"end":{"line":13,"column":3}},"line":6}},"branchMap":{},"s":{"0":1},"f":{"0":1},"b":{},"_coverageSchema":"1a1c01bbd47fc00a2c39e90264f33305004495a9","hash":"c15b6279a9ff0a62ad6b437c3d3890ebd5e8b4a5"}
,"/home/madruga665/GitHub/mc-lojinha-com-redux/src/components/ProductItem.jsx": {"path":"/home/madruga665/GitHub/mc-lojinha-com-redux/src/components/ProductItem.jsx","statementMap":{"0":{"start":{"line":6,"column":21},"end":{"line":6,"column":31}},"1":{"start":{"line":7,"column":35},"end":{"line":7,"column":39}},"2":{"start":{"line":8,"column":4},"end":{"line":17,"column":6}}},"fnMap":{"0":{"name":"(anonymous_0)","decl":{"start":{"line":5,"column":2},"end":{"line":5,"column":3}},"loc":{"start":{"line":5,"column":11},"end":{"line":18,"column":3}},"line":5}},"branchMap":{},"s":{"0":4,"1":4,"2":4},"f":{"0":4},"b":{},"_coverageSchema":"1a1c01bbd47fc00a2c39e90264f33305004495a9","hash":"161a818c1d5560e50b16381304278463736416ab"}
,"/home/madruga665/GitHub/mc-lojinha-com-redux/src/components/ProductList.jsx": {"path":"/home/madruga665/GitHub/mc-lojinha-com-redux/src/components/ProductList.jsx","statementMap":{"0":{"start":{"line":8,"column":4},"end":{"line":8,"column":21}},"1":{"start":{"line":9,"column":4},"end":{"line":16,"column":6}},"2":{"start":{"line":13,"column":10},"end":{"line":13,"column":57}}},"fnMap":{"0":{"name":"(anonymous_0)","decl":{"start":{"line":7,"column":2},"end":{"line":7,"column":3}},"loc":{"start":{"line":7,"column":11},"end":{"line":17,"column":3}},"line":7},"1":{"name":"(anonymous_1)","decl":{"start":{"line":12,"column":18},"end":{"line":12,"column":19}},"loc":{"start":{"line":13,"column":10},"end":{"line":13,"column":57}},"line":13}},"branchMap":{},"s":{"0":1,"1":1,"2":4},"f":{"0":1,"1":4},"b":{},"_coverageSchema":"1a1c01bbd47fc00a2c39e90264f33305004495a9","hash":"ec4ad9e23bdb02be65045632ebb20e331ddcbb33"}
,"/home/madruga665/GitHub/mc-lojinha-com-redux/src/components/ShoppingCartButton.jsx": {"path":"/home/madruga665/GitHub/mc-lojinha-com-redux/src/components/ShoppingCartButton.jsx","statementMap":{"0":{"start":{"line":8,"column":4},"end":{"line":17,"column":6}}},"fnMap":{"0":{"name":"(anonymous_0)","decl":{"start":{"line":7,"column":2},"end":{"line":7,"column":3}},"loc":{"start":{"line":7,"column":11},"end":{"line":18,"column":3}},"line":7}},"branchMap":{},"s":{"0":1},"f":{"0":1},"b":{},"_coverageSchema":"1a1c01bbd47fc00a2c39e90264f33305004495a9","hash":"9a6b26fa83664121362a10233c0483a7e7d29ed3"}
,"/home/madruga665/GitHub/mc-lojinha-com-redux/src/components/ShoppingCartList.jsx": {"path":"/home/madruga665/GitHub/mc-lojinha-com-redux/src/components/ShoppingCartList.jsx","statementMap":{"0":{"start":{"line":5,"column":4},"end":{"line":17,"column":6}}},"fnMap":{"0":{"name":"(anonymous_0)","decl":{"start":{"line":4,"column":2},"end":{"line":4,"column":3}},"loc":{"start":{"line":4,"column":11},"end":{"line":18,"column":3}},"line":4}},"branchMap":{},"s":{"0":0},"f":{"0":0},"b":{},"_coverageSchema":"1a1c01bbd47fc00a2c39e90264f33305004495a9","hash":"abfbe83f7ecc9f02cb08da9e826e8e899e81bbb3"}
,"/home/madruga665/GitHub/mc-lojinha-com-redux/src/helpers/data.js": {"path":"/home/madruga665/GitHub/mc-lojinha-com-redux/src/helpers/data.js","statementMap":{"0":{"start":{"line":1,"column":17},"end":{"line":26,"column":1}}},"fnMap":{},"branchMap":{},"s":{"0":1},"f":{},"b":{},"_coverageSchema":"1a1c01bbd47fc00a2c39e90264f33305004495a9","hash":"7d120fb52da240cd501ea0bee6be1f3a0956de5c"}
,"/home/madruga665/GitHub/mc-lojinha-com-redux/src/pages/Home.js": {"path":"/home/madruga665/GitHub/mc-lojinha-com-redux/src/pages/Home.js","statementMap":{"0":{"start":{"line":9,"column":4},"end":{"line":15,"column":6}}},"fnMap":{"0":{"name":"(anonymous_0)","decl":{"start":{"line":8,"column":2},"end":{"line":8,"column":3}},"loc":{"start":{"line":8,"column":11},"end":{"line":16,"column":3}},"line":8}},"branchMap":{},"s":{"0":1},"f":{"0":1},"b":{},"_coverageSchema":"1a1c01bbd47fc00a2c39e90264f33305004495a9","hash":"190cfbbdd0c24d661b3ba7083f74689b3cfd0766"}
,"/home/madruga665/GitHub/mc-lojinha-com-redux/src/pages/ShoppingCart.js": {"path":"/home/madruga665/GitHub/mc-lojinha-com-redux/src/pages/ShoppingCart.js","statementMap":{"0":{"start":{"line":6,"column":4},"end":{"line":11,"column":5}}},"fnMap":{"0":{"name":"(anonymous_0)","decl":{"start":{"line":5,"column":2},"end":{"line":5,"column":3}},"loc":{"start":{"line":5,"column":11},"end":{"line":12,"column":3}},"line":5}},"branchMap":{},"s":{"0":0},"f":{"0":0},"b":{},"_coverageSchema":"1a1c01bbd47fc00a2c39e90264f33305004495a9","hash":"b6d9ed1d25c563eeadeb031ac78ed0ddbb79ad5b"}
,"/home/madruga665/GitHub/mc-lojinha-com-redux/src/tests/RenderWithRouter.js": {"path":"/home/madruga665/GitHub/mc-lojinha-com-redux/src/tests/RenderWithRouter.js","statementMap":{"0":{"start":{"line":6,"column":25},"end":{"line":11,"column":1}},"1":{"start":{"line":7,"column":18},"end":{"line":7,"column":39}},"2":{"start":{"line":8,"column":2},"end":{"line":10,"column":5}}},"fnMap":{"0":{"name":"(anonymous_0)","decl":{"start":{"line":6,"column":25},"end":{"line":6,"column":26}},"loc":{"start":{"line":6,"column":40},"end":{"line":11,"column":1}},"line":6}},"branchMap":{},"s":{"0":1,"1":1,"2":1},"f":{"0":1},"b":{},"_coverageSchema":"1a1c01bbd47fc00a2c39e90264f33305004495a9","hash":"98ad9b3c7bbe2c42645876d48302115068786111"}
}
